<?xml version="1.0" encoding="UTF-8"?>
<testsuite xmlns:xsi="http://www.w3.org/2001/XMLSchema-instance" xsi:noNamespaceSchemaLocation="https://maven.apache.org/surefire/maven-surefire-plugin/xsd/surefire-test-report-3.0.xsd" version="3.0" name="com.example.quickstart.AppTest" time="0.02" tests="1" errors="0" skipped="0" failures="0">
  <properties>
    <property name="sun.desktop" value="windows"/>
    <property name="awt.toolkit" value="sun.awt.windows.WToolkit"/>
    <property name="file.encoding.pkg" value="sun.io"/>
    <property name="java.specification.version" value="1.8"/>
    <property name="sun.cpu.isalist" value="amd64"/>
    <property name="sun.jnu.encoding" value="Cp1252"/>
    <property name="java.class.path" value="C:\Users\leonardo.LOCAL\Desktop\workspace\maven\my-maven-quickstart\target\test-classes;C:\Users\leonardo.LOCAL\Desktop\workspace\maven\my-maven-quickstart\target\classes;C:\Users\leonardo.LOCAL\.m2\repository\junit\junit\3.8.1\junit-3.8.1.jar;"/>
    <property name="java.vm.vendor" value="Oracle Corporation"/>
    <property name="sun.arch.data.model" value="64"/>
    <property name="user.variant" value=""/>
    <property name="java.vendor.url" value="http://java.oracle.com/"/>
    <property name="user.timezone" value="America/Sao_Paulo"/>
    <property name="user.country.format" value="GB"/>
    <property name="java.vm.specification.version" value="1.8"/>
    <property name="os.name" value="Windows 7"/>
    <property name="user.country" value="BR"/>
    <property name="sun.java.launcher" value="SUN_STANDARD"/>
    <property name="sun.boot.library.path" value="C:\Program Files\Java\jdk1.8.0_181\jre\bin"/>
    <property name="sun.java.command" value="C:\Users\leonardo.LOCAL\AppData\Local\Temp\surefire4715634877243403818\surefirebooter-20230413115305044_3.jar C:\Users\leonardo.LOCAL\AppData\Local\Temp\surefire4715634877243403818 2023-04-13T11-53-04_797-jvmRun1 surefire-20230413115305044_1tmp surefire_0-20230413115305044_2tmp"/>
    <property name="surefire.test.class.path" value="C:\Users\leonardo.LOCAL\Desktop\workspace\maven\my-maven-quickstart\target\test-classes;C:\Users\leonardo.LOCAL\Desktop\workspace\maven\my-maven-quickstart\target\classes;C:\Users\leonardo.LOCAL\.m2\repository\junit\junit\3.8.1\junit-3.8.1.jar;"/>
    <property name="sun.cpu.endian" value="little"/>
    <property name="user.home" value="C:\Users\leonardo.LOCAL"/>
    <property name="user.language" value="pt"/>
    <property name="java.specification.vendor" value="Oracle Corporation"/>
    <property name="java.home" value="C:\Program Files\Java\jdk1.8.0_181\jre"/>
    <property name="basedir" value="C:\Users\leonardo.LOCAL\Desktop\workspace\maven\my-maven-quickstart"/>
    <property name="file.separator" value="\"/>
    <property name="line.separator" value="&#10;"/>
    <property name="java.vm.specification.vendor" value="Oracle Corporation"/>
    <property name="java.specification.name" value="Java Platform API Specification"/>
    <property name="java.awt.graphicsenv" value="sun.awt.Win32GraphicsEnvironment"/>
    <property name="surefire.real.class.path" value="C:\Users\leonardo.LOCAL\AppData\Local\Temp\surefire4715634877243403818\surefirebooter-20230413115305044_3.jar"/>
    <property name="sun.boot.class.path" value="C:\Program Files\Java\jdk1.8.0_181\jre\lib\resources.jar;C:\Program Files\Java\jdk1.8.0_181\jre\lib\rt.jar;C:\Program Files\Java\jdk1.8.0_181\jre\lib\sunrsasign.jar;C:\Program Files\Java\jdk1.8.0_181\jre\lib\jsse.jar;C:\Program Files\Java\jdk1.8.0_181\jre\lib\jce.jar;C:\Program Files\Java\jdk1.8.0_181\jre\lib\charsets.jar;C:\Program Files\Java\jdk1.8.0_181\jre\lib\jfr.jar;C:\Program Files\Java\jdk1.8.0_181\jre\classes"/>
    <property name="user.script" value=""/>
    <property name="sun.management.compiler" value="HotSpot 64-Bit Tiered Compilers"/>
    <property name="java.runtime.version" value="1.8.0_181-b13"/>
    <property name="user.name" value="leonardo"/>
    <property name="path.separator" value=";"/>
    <property name="os.version" value="6.1"/>
    <property name="java.endorsed.dirs" value="C:\Program Files\Java\jdk1.8.0_181\jre\lib\endorsed"/>
    <property name="java.runtime.name" value="Java(TM) SE Runtime Environment"/>
    <property name="file.encoding" value="Cp1252"/>
    <property name="java.vm.name" value="Java HotSpot(TM) 64-Bit Server VM"/>
    <property name="localRepository" value="C:\Users\leonardo.LOCAL\.m2\repository"/>
    <property name="java.vendor.url.bug" value="http://bugreport.sun.com/bugreport/"/>
    <property name="java.io.tmpdir" value="C:\Users\LEONAR~1.LOC\AppData\Local\Temp\"/>
    <property name="java.version" value="1.8.0_181"/>
    <property name="user.dir" value="C:\Users\leonardo.LOCAL\Desktop\workspace\maven\my-maven-quickstart"/>
    <property name="os.arch" value="amd64"/>
    <property name="java.vm.specification.name" value="Java Virtual Machine Specification"/>
    <property name="java.awt.printerjob" value="sun.awt.windows.WPrinterJob"/>
    <property name="user.language.format" value="en"/>
    <property name="sun.os.patch.level" value="Service Pack 1"/>
    <property name="java.library.path" value="C:\Program Files\Java\jdk1.8.0_181\jre\bin;C:\Windows\Sun\Java\bin;C:\Windows\system32;C:\Windows;C:\Users\leonardo.LOCAL\Desktop\workspace\vendor\git-for-windows\cmd;C:\Users\leonardo.LOCAL\Desktop\workspace\vendor\conemu-maximus5\ConEmu\Scripts;C:\Users\leonardo.LOCAL\Desktop\workspace\vendor\conemu-maximus5;C:\Users\leonardo.LOCAL\Desktop\workspace\vendor\conemu-maximus5\ConEmu;C:\Program Files\AdoptOpenJDK\jdk-11.0.9.101-hotspot\bin;C:\Program Files (x86)\Common Files\Oracle\Java\javapath;C:\ProgramData\Oracle\Java\javapath;C:\Windows\system32;C:\Windows;C:\Windows\System32\Wbem;C:\Windows\System32\WindowsPowerShell\v1.0\;C:\OpenSSL-Win32\bin;C:\Program Files\Java\jdk1.8.0_181\\bin;C:\PROGRA~2\PICC;C:\Python27;C:\SGM\jboss-as-7.1.1.Final\bin;C:\Program Files\TortoiseSVN\bin;C:\Program Files\nodejs\;C:\Program Files\Microsoft VS Code\bin;C:\Program Files (x86)\Microsoft SQL Server\90\Tools\binn\;C:\Users\leonardo.LOCAL\AppData\Local\Android\Sdk\platform-tools;C:\Program Files\CMake\bin;C:\Program Files\Ninja;C:\msys32\home\leonardo\esp\ESP8266_RTOS_SDK\components\partition_table;D:\Projetos\Modulos\Wifi\ESP8266\Softwares\esptool-master;C:\Program Files (x86)\Microchip\MPLAB C32 Suite\bin;C:\Program Files\PuTTY\;C:\Users\leonardo.LOCAL\Documents\Flutter\flutter_windows_2.10.4-stable\flutter\bin;C:\Program Files\MySQL\MySQL Server 8.0\bin;C:\Program Files\dotnet\;C:\Users\leonardo.LOCAL\Desktop\velharia\placa\apache-maven-3.9.1\bin; C:\Program Files (x86)\Nmap;C:\Users\leonardo.LOCAL\AppData\Local\Programs\Python\Python38-32\Scripts\;C:\Users\leonardo.LOCAL\AppData\Local\Programs\Python\Python38-32\;C:\Users\leonardo.LOCAL\AppData\Roaming\npm;C:\Program Files\heroku\bin;C:\Users\leonardo.LOCAL\AppData\Local\Programs\Microsoft VS Code\bin;C:\Users\leonardo.LOCAL\.dotnet\tools;C:\Program Files (x86)\Nmap;C:\Users\leonardo.LOCAL\Desktop\workspace\vendor\git-for-windows\mingw64\bin;C:\Users\leonardo.LOCAL\Desktop\workspace\vendor\git-for-windows\usr\bin;C:\Users\leonardo.LOCAL\Desktop\workspace\vendor\bin;C:\Users\leonardo.LOCAL\Desktop\workspace;."/>
    <property name="java.vm.info" value="mixed mode"/>
    <property name="java.vendor" value="Oracle Corporation"/>
    <property name="java.vm.version" value="25.181-b13"/>
    <property name="java.ext.dirs" value="C:\Program Files\Java\jdk1.8.0_181\jre\lib\ext;C:\Windows\Sun\Java\lib\ext"/>
    <property name="sun.io.unicode.encoding" value="UnicodeLittle"/>
    <property name="java.class.version" value="52.0"/>
  </properties>
  <testcase name="testApp" classname="com.example.quickstart.AppTest" time="0.002"/>
</testsuite>